<?xml version="1.0" encoding="UTF-8"?>
<testsuite xmlns:xsi="http://www.w3.org/2001/XMLSchema-instance" xsi:noNamespaceSchemaLocation="https://maven.apache.org/surefire/maven-surefire-plugin/xsd/surefire-test-report-3.0.xsd" version="3.0" name="org.daoudi.configserver.ConfigServerApplicationTests" time="50.65" tests="1" errors="0" skipped="0" failures="0">
  <properties>
[...]
</properties>
  <testcase name="contextLoads" classname="org.daoudi.configserver.ConfigServerApplicationTests" time="8.181">
    <system-out><![CDATA[22:03:10.779 [main] INFO org.springframework.test.context.support.AnnotationConfigContextLoaderUtils -- Could not detect default configuration classes for test class [org.daoudi.configserver.ConfigServerApplicationTests]: ConfigServerApplicationTests does not declare any static, non-private, non-final, nested classes annotated with @Configuration.
22:03:11.416 [main] INFO org.springframework.boot.test.context.SpringBootTestContextBootstrapper -- Found @SpringBootConfiguration org.daoudi.configserver.ConfigServerApplication for test class org.daoudi.configserver.ConfigServerApplicationTests

  .   ____          _            __ _ _
 /\\ / ___'_ __ _ _(_)_ __  __ _ \ \ \ \
( ( )\___ | '_ | '_| | '_ \/ _` | \ \ \ \
 \\/  ___)| |_)| | | | | || (_| |  ) ) ) )
  '  |____| .__|_| |_|_| |_\__, | / / / /
 =========|_|==============|___/=/_/_/_/

 :: Spring Boot ::                (v3.3.5)

2024-11-12T22:03:19.473+01:00  INFO 2940 --- [config-server] [           main] o.d.c.ConfigServerApplicationTests       : Starting ConfigServerApplicationTests using Java 23 with PID 2940 (started by halim in C:\Users\halim\Desktop\Project\microservice-spring-project\config-server)
2024-11-12T22:03:19.480+01:00  INFO 2940 --- [config-server] [           main] o.d.c.ConfigServerApplicationTests       : The following 1 profile is active: "native"
2024-11-12T22:03:33.117+01:00  INFO 2940 --- [config-server] [           main] o.s.cloud.context.scope.GenericScope     : BeanFactory id=87d381d8-d902-31ce-9215-329efcecafe6
2024-11-12T22:03:50.158+01:00  INFO 2940 --- [config-server] [           main] o.s.cloud.commons.util.InetUtils         : Cannot determine local hostname
2024-11-12T22:03:51.019+01:00  INFO 2940 --- [config-server] [           main] o.d.c.ConfigServerApplicationTests       : Started ConfigServerApplicationTests in 37.703 seconds (process running for 50.274)
]]></system-out>
    <system-err><![CDATA[WARNING: A Java agent has been loaded dynamically (C:\Users\halim\.m2\repository\net\bytebuddy\byte-buddy-agent\1.14.19\byte-buddy-agent-1.14.19.jar)
WARNING: If a serviceability tool is in use, please run with -XX:+EnableDynamicAgentLoading to hide this warning
WARNING: If a serviceability tool is not in use, please run with -Djdk.instrument.traceUsage for more information
WARNING: Dynamic loading of agents will be disallowed by default in a future release
]]></system-err>
  </testcase>
</testsuite>