<?xml version="1.0" encoding="UTF-8"?>
<testsuite xmlns:xsi="http://www.w3.org/2001/XMLSchema-instance" xsi:noNamespaceSchemaLocation="https://maven.apache.org/surefire/maven-surefire-plugin/xsd/surefire-test-report-3.0.xsd" version="3.0" name="org.daoudi.employeeservice.EmployeeServiceApplicationTests" time="76.47" tests="1" errors="0" skipped="0" failures="0">
  <properties>
[...]
</properties>
  <testcase name="contextLoads" classname="org.daoudi.employeeservice.EmployeeServiceApplicationTests" time="4.771">
    <system-out><![CDATA[17:31:33.501 [main] INFO org.springframework.test.context.support.AnnotationConfigContextLoaderUtils -- Could not detect default configuration classes for test class [org.daoudi.employeeservice.EmployeeServiceApplicationTests]: EmployeeServiceApplicationTests does not declare any static, non-private, non-final, nested classes annotated with @Configuration.
17:31:34.477 [main] INFO org.springframework.boot.test.context.SpringBootTestContextBootstrapper -- Found @SpringBootConfiguration org.daoudi.employeeservice.EmployeeServiceApplication for test class org.daoudi.employeeservice.EmployeeServiceApplicationTests

  .   ____          _            __ _ _
 /\\ / ___'_ __ _ _(_)_ __  __ _ \ \ \ \
( ( )\___ | '_ | '_| | '_ \/ _` | \ \ \ \
 \\/  ___)| |_)| | | | | || (_| |  ) ) ) )
  '  |____| .__|_| |_|_| |_\__, | / / / /
 =========|_|==============|___/=/_/_/_/

 :: Spring Boot ::                (v3.3.5)

2024-11-27T17:31:41.302+01:00  INFO 7048 --- [           main] o.d.e.EmployeeServiceApplicationTests    : Starting EmployeeServiceApplicationTests using Java 23 with PID 7048 (started by halim in C:\Users\halim\Desktop\Project\microservice-spring-project\employee-service)
2024-11-27T17:31:41.310+01:00  INFO 7048 --- [           main] o.d.e.EmployeeServiceApplicationTests    : No active profile set, falling back to 1 default profile: "default"
2024-11-27T17:31:50.334+01:00  INFO 7048 --- [           main] .s.d.r.c.RepositoryConfigurationDelegate : Bootstrapping Spring Data JPA repositories in DEFAULT mode.
2024-11-27T17:31:51.605+01:00  INFO 7048 --- [           main] .s.d.r.c.RepositoryConfigurationDelegate : Finished Spring Data repository scanning in 1212 ms. Found 1 JPA repository interface.
2024-11-27T17:31:53.354+01:00  INFO 7048 --- [           main] o.s.cloud.context.scope.GenericScope     : BeanFactory id=97fddfcf-b6bc-33b2-9570-f97f12be4762
2024-11-27T17:31:56.511+01:00  WARN 7048 --- [           main] trationDelegate$BeanPostProcessorChecker : Bean 'org.springframework.cloud.client.loadbalancer.LoadBalancerAutoConfiguration$DeferringLoadBalancerInterceptorConfig' of type [org.springframework.cloud.client.loadbalancer.LoadBalancerAutoConfiguration$DeferringLoadBalancerInterceptorConfig] is not eligible for getting processed by all BeanPostProcessors (for example: not eligible for auto-proxying). The currently created BeanPostProcessor [lbRestClientPostProcessor] is declared through a non-static factory method on that class; consider declaring it as static instead.
2024-11-27T17:31:56.566+01:00  WARN 7048 --- [           main] trationDelegate$BeanPostProcessorChecker : Bean 'deferringLoadBalancerInterceptor' of type [org.springframework.cloud.client.loadbalancer.DeferringLoadBalancerInterceptor] is not eligible for getting processed by all BeanPostProcessors (for example: not eligible for auto-proxying). Is this bean getting eagerly injected/applied to a currently created BeanPostProcessor [lbRestClientPostProcessor]? Check the corresponding BeanPostProcessor declaration and its dependencies/advisors. If this bean does not have to be post-processed, declare it with ROLE_INFRASTRUCTURE.
2024-11-27T17:31:56.646+01:00  WARN 7048 --- [           main] trationDelegate$BeanPostProcessorChecker : Bean 'org.springframework.cloud.client.loadbalancer.reactive.LoadBalancerBeanPostProcessorAutoConfiguration' of type [org.springframework.cloud.client.loadbalancer.reactive.LoadBalancerBeanPostProcessorAutoConfiguration] is not eligible for getting processed by all BeanPostProcessors (for example: not eligible for auto-proxying). The currently created BeanPostProcessor [loadBalancerWebClientBuilderBeanPostProcessor] is declared through a non-static factory method on that class; consider declaring it as static instead.
2024-11-27T17:31:56.665+01:00  WARN 7048 --- [           main] trationDelegate$BeanPostProcessorChecker : Bean 'org.springframework.cloud.client.loadbalancer.reactive.LoadBalancerBeanPostProcessorAutoConfiguration$ReactorDeferringLoadBalancerFilterConfig' of type [org.springframework.cloud.client.loadbalancer.reactive.LoadBalancerBeanPostProcessorAutoConfiguration$ReactorDeferringLoadBalancerFilterConfig] is not eligible for getting processed by all BeanPostProcessors (for example: not eligible for auto-proxying). Is this bean getting eagerly injected/applied to a currently created BeanPostProcessor [loadBalancerWebClientBuilderBeanPostProcessor]? Check the corresponding BeanPostProcessor declaration and its dependencies/advisors. If this bean does not have to be post-processed, declare it with ROLE_INFRASTRUCTURE.
2024-11-27T17:31:56.692+01:00  WARN 7048 --- [           main] trationDelegate$BeanPostProcessorChecker : Bean 'reactorDeferringLoadBalancerExchangeFilterFunction' of type [org.springframework.cloud.client.loadbalancer.reactive.DeferringLoadBalancerExchangeFilterFunction] is not eligible for getting processed by all BeanPostProcessors (for example: not eligible for auto-proxying). Is this bean getting eagerly injected/applied to a currently created BeanPostProcessor [loadBalancerWebClientBuilderBeanPostProcessor]? Check the corresponding BeanPostProcessor declaration and its dependencies/advisors. If this bean does not have to be post-processed, declare it with ROLE_INFRASTRUCTURE.
2024-11-27T17:31:59.246+01:00  INFO 7048 --- [           main] o.hibernate.jpa.internal.util.LogHelper  : HHH000204: Processing PersistenceUnitInfo [name: default]
2024-11-27T17:32:00.212+01:00  INFO 7048 --- [           main] org.hibernate.Version                    : HHH000412: Hibernate ORM core version 6.5.3.Final
2024-11-27T17:32:00.589+01:00  INFO 7048 --- [           main] o.h.c.internal.RegionFactoryInitiator    : HHH000026: Second-level cache disabled
2024-11-27T17:32:02.582+01:00  INFO 7048 --- [           main] o.s.o.j.p.SpringPersistenceUnitInfo      : No LoadTimeWeaver setup: ignoring JPA class transformer
2024-11-27T17:32:02.721+01:00  INFO 7048 --- [           main] com.zaxxer.hikari.HikariDataSource       : HikariPool-1 - Starting...
2024-11-27T17:32:03.234+01:00  INFO 7048 --- [           main] com.zaxxer.hikari.pool.HikariPool        : HikariPool-1 - Added connection com.mysql.cj.jdbc.ConnectionImpl@47772462
2024-11-27T17:32:03.240+01:00  INFO 7048 --- [           main] com.zaxxer.hikari.HikariDataSource       : HikariPool-1 - Start completed.
2024-11-27T17:32:03.347+01:00  WARN 7048 --- [           main] org.hibernate.dialect.Dialect            : HHH000511: The 5.5.5 version for [org.hibernate.dialect.MySQLDialect] is no longer supported, hence certain features may not work properly. The minimum supported version is 8.0.0. Check the community dialects project for available legacy versions.
2024-11-27T17:32:03.362+01:00  WARN 7048 --- [           main] org.hibernate.orm.deprecation            : HHH90000025: MySQLDialect does not need to be specified explicitly using 'hibernate.dialect' (remove the property setting and it will be selected by default)
2024-11-27T17:32:11.298+01:00  INFO 7048 --- [           main] o.h.e.t.j.p.i.JtaPlatformInitiator       : HHH000489: No JTA platform available (set 'hibernate.transaction.jta.platform' to enable JTA platform integration)
2024-11-27T17:32:12.288+01:00  INFO 7048 --- [           main] j.LocalContainerEntityManagerFactoryBean : Initialized JPA EntityManagerFactory for persistence unit 'default'
2024-11-27T17:32:12.458+01:00  INFO 7048 --- [           main] f.a.AutowiredAnnotationBeanPostProcessor : Autowired annotation is not supported on static fields: private static org.slf4j.Logger org.daoudi.employeeservice.controller.EmployeeController.LOGGER
2024-11-27T17:32:20.796+01:00  WARN 7048 --- [           main] JpaBaseConfiguration$JpaWebConfiguration : spring.jpa.open-in-view is enabled by default. Therefore, database queries may be performed during view rendering. Explicitly configure spring.jpa.open-in-view to disable this warning
2024-11-27T17:32:27.946+01:00  INFO 7048 --- [           main] o.s.cloud.commons.util.InetUtils         : Cannot determine local hostname
2024-11-27T17:32:29.682+01:00  INFO 7048 --- [           main] o.s.cloud.commons.util.InetUtils         : Cannot determine local hostname
2024-11-27T17:32:34.304+01:00  INFO 7048 --- [           main] o.s.cloud.commons.util.InetUtils         : Cannot determine local hostname
2024-11-27T17:32:34.429+01:00  INFO 7048 --- [           main] DiscoveryClientOptionalArgsConfiguration : Eureka HTTP Client uses RestTemplate.
2024-11-27T17:32:34.899+01:00  WARN 7048 --- [           main] iguration$LoadBalancerCaffeineWarnLogger : Spring Cloud LoadBalancer is currently working with the default cache. While this cache implementation is useful for development and tests, it's recommended to use Caffeine cache in production.You can switch to using Caffeine cache, by adding it and org.springframework.cache.caffeine.CaffeineCacheManager to the classpath.
2024-11-27T17:32:34.986+01:00  INFO 7048 --- [           main] o.s.b.a.e.web.EndpointLinksResolver      : Exposing 1 endpoint beneath base path '/actuator'
2024-11-27T17:32:35.702+01:00  INFO 7048 --- [           main] o.s.c.n.eureka.InstanceInfoFactory       : Setting initial instance status as: STARTING
2024-11-27T17:32:35.910+01:00  INFO 7048 --- [           main] com.netflix.discovery.DiscoveryClient    : Initializing Eureka in region us-east-1
2024-11-27T17:32:35.955+01:00  INFO 7048 --- [           main] c.n.d.s.r.aws.ConfigClusterResolver      : Resolving eureka endpoints via configuration
2024-11-27T17:32:35.959+01:00 DEBUG 7048 --- [           main] c.n.discovery.endpoint.EndpointUtils     : The availability zone for the given region us-east-1 are [defaultZone]
2024-11-27T17:32:35.969+01:00 DEBUG 7048 --- [           main] c.n.d.s.r.aws.ConfigClusterResolver      : Config resolved to [AwsEndpoint{ serviceUrl='http://localhost:8761/eureka/', region='us-east-1', zone='defaultZone'}]
2024-11-27T17:32:35.971+01:00 DEBUG 7048 --- [           main] c.n.d.s.r.a.ZoneAffinityClusterResolver  : Local zone=defaultZone; resolved to: [AwsEndpoint{ serviceUrl='http://localhost:8761/eureka/', region='us-east-1', zone='defaultZone'}]
2024-11-27T17:32:36.019+01:00  INFO 7048 --- [           main] com.netflix.discovery.DiscoveryClient    : Disable delta property : false
2024-11-27T17:32:36.021+01:00  INFO 7048 --- [           main] com.netflix.discovery.DiscoveryClient    : Single vip registry refresh property : null
2024-11-27T17:32:36.022+01:00  INFO 7048 --- [           main] com.netflix.discovery.DiscoveryClient    : Force full registry fetch : false
2024-11-27T17:32:36.024+01:00  INFO 7048 --- [           main] com.netflix.discovery.DiscoveryClient    : Application is null : false
2024-11-27T17:32:36.025+01:00  INFO 7048 --- [           main] com.netflix.discovery.DiscoveryClient    : Registered Applications size is zero : true
2024-11-27T17:32:36.026+01:00  INFO 7048 --- [           main] com.netflix.discovery.DiscoveryClient    : Application version is -1: true
2024-11-27T17:32:36.026+01:00  INFO 7048 --- [           main] com.netflix.discovery.DiscoveryClient    : Getting all instance registry info from the eureka server
2024-11-27T17:32:36.028+01:00 DEBUG 7048 --- [           main] c.n.d.s.t.d.SessionedEurekaHttpClient    : Ending a session and starting anew
2024-11-27T17:32:41.746+01:00 DEBUG 7048 --- [           main] c.n.d.s.t.d.RedirectingEurekaHttpClient  : Pinning to endpoint null
2024-11-27T17:32:41.757+01:00  INFO 7048 --- [           main] com.netflix.discovery.DiscoveryClient    : The response status is 200
2024-11-27T17:32:41.758+01:00 DEBUG 7048 --- [           main] com.netflix.discovery.DiscoveryClient    : Got full registry with apps hashcode 
2024-11-27T17:32:41.758+01:00 DEBUG 7048 --- [           main] com.netflix.discovery.DiscoveryClient    : The total number of all instances in the client now is 0
2024-11-27T17:32:41.762+01:00  INFO 7048 --- [           main] com.netflix.discovery.DiscoveryClient    : Starting heartbeat executor: renew interval is: 30
2024-11-27T17:32:41.773+01:00  INFO 7048 --- [           main] c.n.discovery.InstanceInfoReplicator     : InstanceInfoReplicator onDemand update allowed rate per min is 4
2024-11-27T17:32:41.790+01:00  INFO 7048 --- [           main] com.netflix.discovery.DiscoveryClient    : Discovery Client initialized at timestamp 1732725161776 with initial instances count: 0
2024-11-27T17:32:41.860+01:00  INFO 7048 --- [           main] o.s.c.n.e.s.EurekaServiceRegistry        : Registering application UNKNOWN with eureka with status UP
2024-11-27T17:32:41.863+01:00  INFO 7048 --- [           main] com.netflix.discovery.DiscoveryClient    : Saw local status change event StatusChangeEvent [timestamp=1732725161863, current=UP, previous=STARTING]
2024-11-27T17:32:41.882+01:00 DEBUG 7048 --- [foReplicator-%d] c.n.discovery.InstanceInfoReplicator     : Executing on-demand update of local InstanceInfo
2024-11-27T17:32:41.886+01:00 DEBUG 7048 --- [foReplicator-%d] c.n.discovery.InstanceInfoReplicator     : Canceling the latest scheduled update, it will be rescheduled at the end of on demand update
2024-11-27T17:32:41.925+01:00  INFO 7048 --- [foReplicator-%d] com.netflix.discovery.DiscoveryClient    : DiscoveryClient_UNKNOWN/localhost:8082: registering service...
2024-11-27T17:32:41.933+01:00 DEBUG 7048 --- [foReplicator-%d] c.n.d.s.t.d.SessionedEurekaHttpClient    : Ending a session and starting anew
2024-11-27T17:32:42.596+01:00  INFO 7048 --- [           main] o.d.e.EmployeeServiceApplicationTests    : Started EmployeeServiceApplicationTests in 66.458 seconds (process running for 75.288)
2024-11-27T17:32:45.633+01:00 DEBUG 7048 --- [foReplicator-%d] c.n.d.s.t.d.RedirectingEurekaHttpClient  : Pinning to endpoint null
2024-11-27T17:32:45.634+01:00  INFO 7048 --- [foReplicator-%d] com.netflix.discovery.DiscoveryClient    : DiscoveryClient_UNKNOWN/localhost:8082 - registration status: 204
]]></system-out>
    <system-err><![CDATA[WARNING: A Java agent has been loaded dynamically (C:\Users\halim\.m2\repository\net\bytebuddy\byte-buddy-agent\1.14.19\byte-buddy-agent-1.14.19.jar)
WARNING: If a serviceability tool is in use, please run with -XX:+EnableDynamicAgentLoading to hide this warning
WARNING: If a serviceability tool is not in use, please run with -Djdk.instrument.traceUsage for more information
WARNING: Dynamic loading of agents will be disallowed by default in a future release
]]></system-err>
  </testcase>
</testsuite>